<?xml version="1.0" encoding="UTF-8"?>
<!-- Generated by org.testng.reporters.JUnitReportReporter -->
<testsuite skipped="0" hostname="ANANYA-PC" name="com.AutomationPractice.TestCases.CreateAccountTestCase" tests="1" failures="0" timestamp="28 Apr 2020 14:03:28 GMT" time="24.762" errors="0">
  <testcase name="createNewAccount" time="24.762" classname="com.AutomationPractice.TestCases.CreateAccountTestCase"/>
</testsuite> <!-- com.AutomationPractice.TestCases.CreateAccountTestCase -->
